# JRE version: Java(TM) SE Runtime Environment (8.0_60-b27) (build 1.8.0_60-b27)
# Java VM: Java HotSpot(TM) 64-Bit Server VM (25.60-b23 mixed mode linux-amd64 compressed oops)
Heap:
 PSYoungGen      total 1312256K, used 229420K [0x000000076cc00000, 0x00000007c0000000, 0x00000007c0000000)
  eden space 1310720K, 17% used [0x000000076cc00000,0x000000077ab5ed30,0x00000007bcc00000)
  from space 1536K, 44% used [0x00000007bcd80000,0x00000007bce2c5b0,0x00000007bcf00000)
  to   space 1536K, 0% used [0x00000007bcc00000,0x00000007bcc00000,0x00000007bcd80000)
 ParOldGen       total 580608K, used 506711K [0x00000006c6400000, 0x00000006e9b00000, 0x000000076cc00000)
  object space 580608K, 87% used [0x00000006c6400000,0x00000006e52d5d60,0x00000006e9b00000)
 Metaspace       used 5850K, capacity 6078K, committed 6144K, reserved 1056768K
  class space    used 723K, capacity 757K, committed 768K, reserved 1048576K
GC Heap History (10 events):
Event: 631.731 GC heap before
{Heap before GC invocations=2905 (full 5):
 PSYoungGen      total 879616K, used 879441K [0x000000076cc00000, 0x00000007b7f80000, 0x00000007c0000000)
  eden space 878592K, 100% used [0x000000076cc00000,0x00000007a2600000,0x00000007a2600000)
  from space 1024K, 82% used [0x00000007b7d00000,0x00000007b7dd4418,0x00000007b7e00000)
  to   space 1536K, 0% used [0x00000007b7e00000,0x00000007b7e00000,0x00000007b7f80000)
 ParOldGen       total 580608K, used 503479K [0x00000006c6400000, 0x00000006e9b00000, 0x000000076cc00000)
  object space 580608K, 86% used [0x00000006c6400000,0x00000006e4fadd60,0x00000006e9b00000)
 Metaspace       used 5850K, capacity 6078K, committed 6144K, reserved 1056768K
  class space    used 723K, capacity 757K, committed 768K, reserved 1048576K
Event: 631.733 GC heap after
Heap after GC invocations=2905 (full 5):
 PSYoungGen      total 969216K, used 721K [0x000000076cc00000, 0x00000007b7f00000, 0x00000007c0000000)
  eden space 968192K, 0% used [0x000000076cc00000,0x000000076cc00000,0x00000007a7d80000)
  from space 1024K, 70% used [0x00000007b7e00000,0x00000007b7eb4450,0x00000007b7f00000)
  to   space 1536K, 0% used [0x00000007b7c00000,0x00000007b7c00000,0x00000007b7d80000)
 ParOldGen       total 580608K, used 504119K [0x00000006c6400000, 0x00000006e9b00000, 0x000000076cc00000)
  object space 580608K, 86% used [0x00000006c6400000,0x00000006e504dd60,0x00000006e9b00000)
 Metaspace       used 5850K, capacity 6078K, committed 6144K, reserved 1056768K
  class space    used 723K, capacity 757K, committed 768K, reserved 1048576K
}
Event: 632.149 GC heap before
{Heap before GC invocations=2906 (full 5):
 PSYoungGen      total 969216K, used 968913K [0x000000076cc00000, 0x00000007b7f00000, 0x00000007c0000000)
  eden space 968192K, 100% used [0x000000076cc00000,0x00000007a7d80000,0x00000007a7d80000)
  from space 1024K, 70% used [0x00000007b7e00000,0x00000007b7eb4450,0x00000007b7f00000)
  to   space 1536K, 0% used [0x00000007b7c00000,0x00000007b7c00000,0x00000007b7d80000)
 ParOldGen       total 580608K, used 504119K [0x00000006c6400000, 0x00000006e9b00000, 0x000000076cc00000)
  object space 580608K, 86% used [0x00000006c6400000,0x00000006e504dd60,0x00000006e9b00000)
 Metaspace       used 5850K, capacity 6078K, committed 6144K, reserved 1056768K
  class space    used 723K, capacity 757K, committed 768K, reserved 1048576K
Event: 632.151 GC heap after
Heap after GC invocations=2906 (full 5):
 PSYoungGen      total 1068544K, used 945K [0x000000076cc00000, 0x00000007b7e80000, 0x00000007c0000000)
  eden space 1067520K, 0% used [0x000000076cc00000,0x000000076cc00000,0x00000007ade80000)
  from space 1024K, 92% used [0x00000007b7c00000,0x00000007b7cec4a8,0x00000007b7d00000)
  to   space 1536K, 0% used [0x00000007b7d00000,0x00000007b7d00000,0x00000007b7e80000)
 ParOldGen       total 580608K, used 504615K [0x00000006c6400000, 0x00000006e9b00000, 0x000000076cc00000)
  object space 580608K, 86% used [0x00000006c6400000,0x00000006e50c9d60,0x00000006e9b00000)
 Metaspace       used 5850K, capacity 6078K, committed 6144K, reserved 1056768K
  class space    used 723K, capacity 757K, committed 768K, reserved 1048576K
}
Event: 632.584 GC heap before
{Heap before GC invocations=2907 (full 5):
 PSYoungGen      total 1068544K, used 1068465K [0x000000076cc00000, 0x00000007b7e80000, 0x00000007c0000000)
  eden space 1067520K, 100% used [0x000000076cc00000,0x00000007ade80000,0x00000007ade80000)
  from space 1024K, 92% used [0x00000007b7c00000,0x00000007b7cec4a8,0x00000007b7d00000)
  to   space 1536K, 0% used [0x00000007b7d00000,0x00000007b7d00000,0x00000007b7e80000)
 ParOldGen       total 580608K, used 504615K [0x00000006c6400000, 0x00000006e9b00000, 0x000000076cc00000)
  object space 580608K, 86% used [0x00000006c6400000,0x00000006e50c9d60,0x00000006e9b00000)
 Metaspace       used 5850K, capacity 6078K, committed 6144K, reserved 1056768K
  class space    used 723K, capacity 757K, committed 768K, reserved 1048576K
Event: 632.587 GC heap after
Heap after GC invocations=2907 (full 5):
 PSYoungGen      total 1177088K, used 977K [0x000000076cc00000, 0x00000007b7e00000, 0x00000007c0000000)
  eden space 1176064K, 0% used [0x000000076cc00000,0x000000076cc00000,0x00000007b4880000)
  from space 1024K, 95% used [0x00000007b7d00000,0x00000007b7df4510,0x00000007b7e00000)
  to   space 1536K, 0% used [0x00000007b7b00000,0x00000007b7b00000,0x00000007b7c80000)
 ParOldGen       total 580608K, used 505351K [0x00000006c6400000, 0x00000006e9b00000, 0x000000076cc00000)
  object space 580608K, 87% used [0x00000006c6400000,0x00000006e5181d60,0x00000006e9b00000)
 Metaspace       used 5850K, capacity 6078K, committed 6144K, reserved 1056768K
  class space    used 723K, capacity 757K, committed 768K, reserved 1048576K
}
Event: 633.089 GC heap before
{Heap before GC invocations=2908 (full 5):
 PSYoungGen      total 1177088K, used 1177041K [0x000000076cc00000, 0x00000007b7e00000, 0x00000007c0000000)
  eden space 1176064K, 100% used [0x000000076cc00000,0x00000007b4880000,0x00000007b4880000)
  from space 1024K, 95% used [0x00000007b7d00000,0x00000007b7df4510,0x00000007b7e00000)
  to   space 1536K, 0% used [0x00000007b7b00000,0x00000007b7b00000,0x00000007b7c80000)
 ParOldGen       total 580608K, used 505351K [0x00000006c6400000, 0x00000006e9b00000, 0x000000076cc00000)
  object space 580608K, 87% used [0x00000006c6400000,0x00000006e5181d60,0x00000006e9b00000)
 Metaspace       used 5850K, capacity 6078K, committed 6144K, reserved 1056768K
  class space    used 723K, capacity 757K, committed 768K, reserved 1048576K
Event: 633.095 GC heap after
Heap after GC invocations=2908 (full 5):
 PSYoungGen      total 1229312K, used 753K [0x000000076cc00000, 0x00000007bcf00000, 0x00000007c0000000)
  eden space 1227776K, 0% used [0x000000076cc00000,0x000000076cc00000,0x00000007b7b00000)
  from space 1536K, 49% used [0x00000007b7b00000,0x00000007b7bbc560,0x00000007b7c80000)
  to   space 1536K, 0% used [0x00000007bcd80000,0x00000007bcd80000,0x00000007bcf00000)
 ParOldGen       total 580608K, used 506119K [0x00000006c6400000, 0x00000006e9b00000, 0x000000076cc00000)
  object space 580608K, 87% used [0x00000006c6400000,0x00000006e5241d60,0x00000006e9b00000)
 Metaspace       used 5850K, capacity 6078K, committed 6144K, reserved 1056768K
  class space    used 723K, capacity 757K, committed 768K, reserved 1048576K
}
Event: 633.623 GC heap before
{Heap before GC invocations=2909 (full 5):
 PSYoungGen      total 1229312K, used 1228529K [0x000000076cc00000, 0x00000007bcf00000, 0x00000007c0000000)
  eden space 1227776K, 100% used [0x000000076cc00000,0x00000007b7b00000,0x00000007b7b00000)
  from space 1536K, 49% used [0x00000007b7b00000,0x00000007b7bbc560,0x00000007b7c80000)
  to   space 1536K, 0% used [0x00000007bcd80000,0x00000007bcd80000,0x00000007bcf00000)
 ParOldGen       total 580608K, used 506119K [0x00000006c6400000, 0x00000006e9b00000, 0x000000076cc00000)
  object space 580608K, 87% used [0x00000006c6400000,0x00000006e5241d60,0x00000006e9b00000)
 Metaspace       used 5850K, capacity 6078K, committed 6144K, reserved 1056768K
  class space    used 723K, capacity 757K, committed 768K, reserved 1048576K
Event: 633.625 GC heap after
Heap after GC invocations=2909 (full 5):
 PSYoungGen      total 1312256K, used 689K [0x000000076cc00000, 0x00000007c0000000, 0x00000007c0000000)
  eden space 1310720K, 0% used [0x000000076cc00000,0x000000076cc00000,0x00000007bcc00000)
  from space 1536K, 44% used [0x00000007bcd80000,0x00000007bce2c5b0,0x00000007bcf00000)
  to   space 1536K, 0% used [0x00000007bcc00000,0x00000007bcc00000,0x00000007bcd80000)
 ParOldGen       total 580608K, used 506711K [0x00000006c6400000, 0x00000006e9b00000, 0x000000076cc00000)
  object space 580608K, 87% used [0x00000006c6400000,0x00000006e52d5d60,0x00000006e9b00000)
 Metaspace       used 5850K, capacity 6078K, committed 6144K, reserved 1056768K
  class space    used 723K, capacity 757K, committed 768K, reserved 1048576K
}

